{"total": {"lines":{"total":1773,"covered":726,"skipped":0,"pct":40.94},"statements":{"total":2043,"covered":789,"skipped":0,"pct":38.61},"functions":{"total":664,"covered":195,"skipped":0,"pct":29.36},"branches":{"total":1907,"covered":579,"skipped":0,"pct":30.36},"branchesTrue":{"total":0,"covered":0,"skipped":0,"pct":100}}
,"/Users/chicoxyzzy/dev/hecate/ui/src/app/App.tsx": {"lines":{"total":12,"covered":0,"skipped":0,"pct":0},"functions":{"total":6,"covered":0,"skipped":0,"pct":0},"statements":{"total":14,"covered":0,"skipped":0,"pct":0},"branches":{"total":4,"covered":0,"skipped":0,"pct":0}}
,"/Users/chicoxyzzy/dev/hecate/ui/src/app/AppShell.tsx": {"lines":{"total":20,"covered":0,"skipped":0,"pct":0},"functions":{"total":9,"covered":0,"skipped":0,"pct":0},"statements":{"total":24,"covered":0,"skipped":0,"pct":0},"branches":{"total":41,"covered":0,"skipped":0,"pct":0}}
,"/Users/chicoxyzzy/dev/hecate/ui/src/app/ErrorBoundary.tsx": {"lines":{"total":8,"covered":0,"skipped":0,"pct":0},"functions":{"total":5,"covered":0,"skipped":0,"pct":0},"statements":{"total":8,"covered":0,"skipped":0,"pct":0},"branches":{"total":4,"covered":0,"skipped":0,"pct":0}}
,"/Users/chicoxyzzy/dev/hecate/ui/src/app/useRuntimeConsole.ts": {"lines":{"total":489,"covered":257,"skipped":0,"pct":52.55},"functions":{"total":127,"covered":57,"skipped":0,"pct":44.88},"statements":{"total":532,"covered":276,"skipped":0,"pct":51.87},"branches":{"total":300,"covered":128,"skipped":0,"pct":42.66}}
,"/Users/chicoxyzzy/dev/hecate/ui/src/features/access/AccessView.tsx": {"lines":{"total":54,"covered":0,"skipped":0,"pct":0},"functions":{"total":40,"covered":0,"skipped":0,"pct":0},"statements":{"total":65,"covered":0,"skipped":0,"pct":0},"branches":{"total":58,"covered":0,"skipped":0,"pct":0}}
,"/Users/chicoxyzzy/dev/hecate/ui/src/features/admin/AdminView.tsx": {"lines":{"total":155,"covered":50,"skipped":0,"pct":32.25},"functions":{"total":93,"covered":18,"skipped":0,"pct":19.35},"statements":{"total":184,"covered":51,"skipped":0,"pct":27.71},"branches":{"total":189,"covered":68,"skipped":0,"pct":35.97}}
,"/Users/chicoxyzzy/dev/hecate/ui/src/features/admin/BudgetsView.tsx": {"lines":{"total":25,"covered":0,"skipped":0,"pct":0},"functions":{"total":13,"covered":0,"skipped":0,"pct":0},"statements":{"total":30,"covered":0,"skipped":0,"pct":0},"branches":{"total":53,"covered":0,"skipped":0,"pct":0}}
,"/Users/chicoxyzzy/dev/hecate/ui/src/features/overview/ObservabilityView.tsx": {"lines":{"total":93,"covered":38,"skipped":0,"pct":40.86},"functions":{"total":45,"covered":10,"skipped":0,"pct":22.22},"statements":{"total":117,"covered":45,"skipped":0,"pct":38.46},"branches":{"total":133,"covered":24,"skipped":0,"pct":18.04}}
,"/Users/chicoxyzzy/dev/hecate/ui/src/features/playground/ChatView.tsx": {"lines":{"total":155,"covered":56,"skipped":0,"pct":36.12},"functions":{"total":80,"covered":14,"skipped":0,"pct":17.5},"statements":{"total":195,"covered":58,"skipped":0,"pct":29.74},"branches":{"total":234,"covered":62,"skipped":0,"pct":26.49}}
,"/Users/chicoxyzzy/dev/hecate/ui/src/features/providers/ProvidersView.tsx": {"lines":{"total":61,"covered":50,"skipped":0,"pct":81.96},"functions":{"total":38,"covered":27,"skipped":0,"pct":71.05},"statements":{"total":80,"covered":65,"skipped":0,"pct":81.25},"branches":{"total":93,"covered":36,"skipped":0,"pct":38.7}}
,"/Users/chicoxyzzy/dev/hecate/ui/src/features/runs/TasksView.tsx": {"lines":{"total":200,"covered":0,"skipped":0,"pct":0},"functions":{"total":77,"covered":0,"skipped":0,"pct":0},"statements":{"total":255,"covered":0,"skipped":0,"pct":0},"branches":{"total":306,"covered":0,"skipped":0,"pct":0}}
,"/Users/chicoxyzzy/dev/hecate/ui/src/features/shared/ui.tsx": {"lines":{"total":44,"covered":18,"skipped":0,"pct":40.9},"functions":{"total":26,"covered":9,"skipped":0,"pct":34.61},"statements":{"total":53,"covered":19,"skipped":0,"pct":35.84},"branches":{"total":84,"covered":54,"skipped":0,"pct":64.28}}
,"/Users/chicoxyzzy/dev/hecate/ui/src/lib/api.ts": {"lines":{"total":155,"covered":61,"skipped":0,"pct":39.35},"functions":{"total":56,"covered":25,"skipped":0,"pct":44.64},"statements":{"total":166,"covered":62,"skipped":0,"pct":37.34},"branches":{"total":122,"covered":49,"skipped":0,"pct":40.16}}
,"/Users/chicoxyzzy/dev/hecate/ui/src/lib/format.ts": {"lines":{"total":21,"covered":0,"skipped":0,"pct":0},"functions":{"total":5,"covered":0,"skipped":0,"pct":0},"statements":{"total":21,"covered":0,"skipped":0,"pct":0},"branches":{"total":16,"covered":0,"skipped":0,"pct":0}}
,"/Users/chicoxyzzy/dev/hecate/ui/src/lib/markdown.ts": {"lines":{"total":59,"covered":59,"skipped":0,"pct":100},"functions":{"total":2,"covered":2,"skipped":0,"pct":100},"statements":{"total":63,"covered":63,"skipped":0,"pct":100},"branches":{"total":32,"covered":32,"skipped":0,"pct":100}}
,"/Users/chicoxyzzy/dev/hecate/ui/src/lib/provider-issues.ts": {"lines":{"total":8,"covered":7,"skipped":0,"pct":87.5},"functions":{"total":1,"covered":1,"skipped":0,"pct":100},"statements":{"total":8,"covered":7,"skipped":0,"pct":87.5},"branches":{"total":8,"covered":6,"skipped":0,"pct":75}}
,"/Users/chicoxyzzy/dev/hecate/ui/src/lib/provider-utils.ts": {"lines":{"total":18,"covered":18,"skipped":0,"pct":100},"functions":{"total":5,"covered":5,"skipped":0,"pct":100},"statements":{"total":24,"covered":24,"skipped":0,"pct":100},"branches":{"total":14,"covered":14,"skipped":0,"pct":100}}
,"/Users/chicoxyzzy/dev/hecate/ui/src/lib/runtime-utils.ts": {"lines":{"total":196,"covered":112,"skipped":0,"pct":57.14},"functions":{"total":36,"covered":27,"skipped":0,"pct":75},"statements":{"total":204,"covered":119,"skipped":0,"pct":58.33},"branches":{"total":216,"covered":106,"skipped":0,"pct":49.07}}
}
